# JRE version: OpenJDK Runtime Environment (7.0_51) (build 1.7.0_51-b00)
# Java VM: OpenJDK 64-Bit Server VM (24.45-b08 mixed mode linux-amd64 compressed oops)
Heap
 PSYoungGen      total 91648K, used 6297K [0x00000000f0900000, 0x00000000f7180000, 0x0000000100000000)
  eden space 85504K, 0% used [0x00000000f0900000,0x00000000f09317d8,0x00000000f5c80000)
  from space 6144K, 99% used [0x00000000f6b80000,0x00000000f7174eb0,0x00000000f7180000)
  to   space 8704K, 0% used [0x00000000f6080000,0x00000000f6080000,0x00000000f6900000)
 ParOldGen       total 31232K, used 14777K [0x00000000d1c00000, 0x00000000d3a80000, 0x00000000f0900000)
  object space 31232K, 47% used [0x00000000d1c00000,0x00000000d2a6e610,0x00000000d3a80000)
 PSPermGen       total 21504K, used 13268K [0x00000000c7600000, 0x00000000c8b00000, 0x00000000d1c00000)
  object space 21504K, 61% used [0x00000000c7600000,0x00000000c82f5230,0x00000000c8b00000)
GC Heap History (10 events):
Event: 29.766 GC heap before
{Heap before GC invocations=8 (full 0):
 PSYoungGen      total 56320K, used 55892K [0x00000000f0900000, 0x00000000f7800000, 0x0000000100000000)
  eden space 50688K, 100% used [0x00000000f0900000,0x00000000f3a80000,0x00000000f3a80000)
  from space 5632K, 92% used [0x00000000f3a80000,0x00000000f3f950f0,0x00000000f4000000)
  to   space 6144K, 0% used [0x00000000f7200000,0x00000000f7200000,0x00000000f7800000)
 ParOldGen       total 31232K, used 8703K [0x00000000d1c00000, 0x00000000d3a80000, 0x00000000f0900000)
  object space 31232K, 27% used [0x00000000d1c00000,0x00000000d247fdb0,0x00000000d3a80000)
 PSPermGen       total 21504K, used 13176K [0x00000000c7600000, 0x00000000c8b00000, 0x00000000d1c00000)
  object space 21504K, 61% used [0x00000000c7600000,0x00000000c82de218,0x00000000c8b00000)
Event: 29.793 GC heap after
Heap after GC invocations=8 (full 0):
 PSYoungGen      total 107008K, used 5089K [0x00000000f0900000, 0x00000000f7900000, 0x0000000100000000)
  eden space 100864K, 0% used [0x00000000f0900000,0x00000000f0900000,0x00000000f6b80000)
  from space 6144K, 82% used [0x00000000f7200000,0x00000000f76f8520,0x00000000f7800000)
  to   space 6656K, 0% used [0x00000000f6b80000,0x00000000f6b80000,0x00000000f7200000)
 ParOldGen       total 31232K, used 9173K [0x00000000d1c00000, 0x00000000d3a80000, 0x00000000f0900000)
  object space 31232K, 29% used [0x00000000d1c00000,0x00000000d24f5580,0x00000000d3a80000)
 PSPermGen       total 21504K, used 13176K [0x00000000c7600000, 0x00000000c8b00000, 0x00000000d1c00000)
  object space 21504K, 61% used [0x00000000c7600000,0x00000000c82de218,0x00000000c8b00000)
}
Event: 45.131 GC heap before
{Heap before GC invocations=9 (full 0):
 PSYoungGen      total 107008K, used 105953K [0x00000000f0900000, 0x00000000f7900000, 0x0000000100000000)
  eden space 100864K, 100% used [0x00000000f0900000,0x00000000f6b80000,0x00000000f6b80000)
  from space 6144K, 82% used [0x00000000f7200000,0x00000000f76f8520,0x00000000f7800000)
  to   space 6656K, 0% used [0x00000000f6b80000,0x00000000f6b80000,0x00000000f7200000)
 ParOldGen       total 31232K, used 9173K [0x00000000d1c00000, 0x00000000d3a80000, 0x00000000f0900000)
  object space 31232K, 29% used [0x00000000d1c00000,0x00000000d24f5580,0x00000000d3a80000)
 PSPermGen       total 21504K, used 13207K [0x00000000c7600000, 0x00000000c8b00000, 0x00000000d1c00000)
  object space 21504K, 61% used [0x00000000c7600000,0x00000000c82e5fe0,0x00000000c8b00000)
Event: 45.172 GC heap after
Heap after GC invocations=9 (full 0):
 PSYoungGen      total 103424K, used 6640K [0x00000000f0900000, 0x00000000f7680000, 0x0000000100000000)
  eden space 96768K, 0% used [0x00000000f0900000,0x00000000f0900000,0x00000000f6780000)
  from space 6656K, 99% used [0x00000000f6b80000,0x00000000f71fc280,0x00000000f7200000)
  to   space 4608K, 0% used [0x00000000f7200000,0x00000000f7200000,0x00000000f7680000)
 ParOldGen       total 31232K, used 10121K [0x00000000d1c00000, 0x00000000d3a80000, 0x00000000f0900000)
  object space 31232K, 32% used [0x00000000d1c00000,0x00000000d25e2440,0x00000000d3a80000)
 PSPermGen       total 21504K, used 13207K [0x00000000c7600000, 0x00000000c8b00000, 0x00000000d1c00000)
  object space 21504K, 61% used [0x00000000c7600000,0x00000000c82e5fe0,0x00000000c8b00000)
}
Event: 59.519 GC heap before
{Heap before GC invocations=10 (full 0):
 PSYoungGen      total 103424K, used 103408K [0x00000000f0900000, 0x00000000f7680000, 0x0000000100000000)
  eden space 96768K, 100% used [0x00000000f0900000,0x00000000f6780000,0x00000000f6780000)
  from space 6656K, 99% used [0x00000000f6b80000,0x00000000f71fc280,0x00000000f7200000)
  to   space 4608K, 0% used [0x00000000f7200000,0x00000000f7200000,0x00000000f7680000)
 ParOldGen       total 31232K, used 10121K [0x00000000d1c00000, 0x00000000d3a80000, 0x00000000f0900000)
  object space 31232K, 32% used [0x00000000d1c00000,0x00000000d25e2440,0x00000000d3a80000)
 PSPermGen       total 21504K, used 13229K [0x00000000c7600000, 0x00000000c8b00000, 0x00000000d1c00000)
  object space 21504K, 61% used [0x00000000c7600000,0x00000000c82eb680,0x00000000c8b00000)
Event: 59.554 GC heap after
Heap after GC invocations=10 (full 0):
 PSYoungGen      total 97280K, used 4603K [0x00000000f0900000, 0x00000000f7680000, 0x0000000100000000)
  eden space 92672K, 0% used [0x00000000f0900000,0x00000000f0900000,0x00000000f6380000)
  from space 4608K, 99% used [0x00000000f7200000,0x00000000f767ec70,0x00000000f7680000)
  to   space 8704K, 0% used [0x00000000f6580000,0x00000000f6580000,0x00000000f6e00000)
 ParOldGen       total 31232K, used 12686K [0x00000000d1c00000, 0x00000000d3a80000, 0x00000000f0900000)
  object space 31232K, 40% used [0x00000000d1c00000,0x00000000d2863990,0x00000000d3a80000)
 PSPermGen       total 21504K, used 13229K [0x00000000c7600000, 0x00000000c8b00000, 0x00000000d1c00000)
  object space 21504K, 61% used [0x00000000c7600000,0x00000000c82eb680,0x00000000c8b00000)
}
Event: 76.754 GC heap before
{Heap before GC invocations=11 (full 0):
 PSYoungGen      total 97280K, used 97275K [0x00000000f0900000, 0x00000000f7680000, 0x0000000100000000)
  eden space 92672K, 100% used [0x00000000f0900000,0x00000000f6380000,0x00000000f6380000)
  from space 4608K, 99% used [0x00000000f7200000,0x00000000f767ec70,0x00000000f7680000)
  to   space 8704K, 0% used [0x00000000f6580000,0x00000000f6580000,0x00000000f6e00000)
 ParOldGen       total 31232K, used 12686K [0x00000000d1c00000, 0x00000000d3a80000, 0x00000000f0900000)
  object space 31232K, 40% used [0x00000000d1c00000,0x00000000d2863990,0x00000000d3a80000)
 PSPermGen       total 21504K, used 13253K [0x00000000c7600000, 0x00000000c8b00000, 0x00000000d1c00000)
  object space 21504K, 61% used [0x00000000c7600000,0x00000000c82f15f0,0x00000000c8b00000)
Event: 76.775 GC heap after
Heap after GC invocations=11 (full 0):
 PSYoungGen      total 95232K, used 5896K [0x00000000f0900000, 0x00000000f7280000, 0x0000000100000000)
  eden space 89088K, 0% used [0x00000000f0900000,0x00000000f0900000,0x00000000f6000000)
  from space 6144K, 95% used [0x00000000f6580000,0x00000000f6b422e0,0x00000000f6b80000)
  to   space 7168K, 0% used [0x00000000f6b80000,0x00000000f6b80000,0x00000000f7280000)
 ParOldGen       total 31232K, used 14170K [0x00000000d1c00000, 0x00000000d3a80000, 0x00000000f0900000)
  object space 31232K, 45% used [0x00000000d1c00000,0x00000000d29d6a30,0x00000000d3a80000)
 PSPermGen       total 21504K, used 13253K [0x00000000c7600000, 0x00000000c8b00000, 0x00000000d1c00000)
  object space 21504K, 61% used [0x00000000c7600000,0x00000000c82f15f0,0x00000000c8b00000)
}
Event: 89.571 GC heap before
{Heap before GC invocations=12 (full 0):
 PSYoungGen      total 95232K, used 94984K [0x00000000f0900000, 0x00000000f7280000, 0x0000000100000000)
  eden space 89088K, 100% used [0x00000000f0900000,0x00000000f6000000,0x00000000f6000000)
  from space 6144K, 95% used [0x00000000f6580000,0x00000000f6b422e0,0x00000000f6b80000)
  to   space 7168K, 0% used [0x00000000f6b80000,0x00000000f6b80000,0x00000000f7280000)
 ParOldGen       total 31232K, used 14170K [0x00000000d1c00000, 0x00000000d3a80000, 0x00000000f0900000)
  object space 31232K, 45% used [0x00000000d1c00000,0x00000000d29d6a30,0x00000000d3a80000)
 PSPermGen       total 21504K, used 13268K [0x00000000c7600000, 0x00000000c8b00000, 0x00000000d1c00000)
  object space 21504K, 61% used [0x00000000c7600000,0x00000000c82f5230,0x00000000c8b00000)
Event: 89.590 GC heap after
Heap after GC invocations=12 (full 0):
 PSYoungGen      total 91648K, used 6099K [0x00000000f0900000, 0x00000000f7180000, 0x0000000100000000)
  eden space 85504K, 0% used [0x00000000f0900000,0x00000000f0900000,0x00000000f5c80000)
  from space 6144K, 99% used [0x00000000f6b80000,0x00000000f7174eb0,0x00000000f7180000)
  to   space 8704K, 0% used [0x00000000f6080000,0x00000000f6080000,0x00000000f6900000)
 ParOldGen       total 31232K, used 14777K [0x00000000d1c00000, 0x00000000d3a80000, 0x00000000f0900000)
  object space 31232K, 47% used [0x00000000d1c00000,0x00000000d2a6e610,0x00000000d3a80000)
 PSPermGen       total 21504K, used 13268K [0x00000000c7600000, 0x00000000c8b00000, 0x00000000d1c00000)
  object space 21504K, 61% used [0x00000000c7600000,0x00000000c82f5230,0x00000000c8b00000)
}

