# JRE version: OpenJDK Runtime Environment (7.0_51) (build 1.7.0_51-b00)
# Java VM: OpenJDK 64-Bit Server VM (24.45-b08 mixed mode linux-amd64 compressed oops)
Heap
 PSYoungGen      total 82944K, used 2951K [0x00000000f0900000, 0x00000000fdf80000, 0x0000000100000000)
  eden space 79872K, 0% used [0x00000000f0900000,0x00000000f0912120,0x00000000f5700000)
  from space 3072K, 93% used [0x00000000fd980000,0x00000000fdc4fc60,0x00000000fdc80000)
  to   space 3072K, 0% used [0x00000000fdc80000,0x00000000fdc80000,0x00000000fdf80000)
 ParOldGen       total 28160K, used 11192K [0x00000000d1c00000, 0x00000000d3780000, 0x00000000f0900000)
  object space 28160K, 39% used [0x00000000d1c00000,0x00000000d26ee288,0x00000000d3780000)
 PSPermGen       total 25600K, used 15977K [0x00000000c7600000, 0x00000000c8f00000, 0x00000000d1c00000)
  object space 25600K, 62% used [0x00000000c7600000,0x00000000c859a430,0x00000000c8f00000)
GC Heap History (10 events):
Event: 4754.567 GC heap before
{Heap before GC invocations=1308 (full 8):
 PSYoungGen      total 96256K, used 93792K [0x00000000f0900000, 0x00000000fe280000, 0x0000000100000000)
  eden space 93696K, 100% used [0x00000000f0900000,0x00000000f6480000,0x00000000f6480000)
  from space 2560K, 3% used [0x00000000fdd80000,0x00000000fdd98000,0x00000000fe000000)
  to   space 2560K, 0% used [0x00000000fe000000,0x00000000fe000000,0x00000000fe280000)
 ParOldGen       total 28672K, used 26164K [0x00000000d1c00000, 0x00000000d3800000, 0x00000000f0900000)
  object space 28672K, 91% used [0x00000000d1c00000,0x00000000d358d1b0,0x00000000d3800000)
 PSPermGen       total 27136K, used 15970K [0x00000000c7600000, 0x00000000c9080000, 0x00000000d1c00000)
  object space 27136K, 58% used [0x00000000c7600000,0x00000000c8598bb0,0x00000000c9080000)
Event: 4754.571 GC heap after
Heap after GC invocations=1308 (full 8):
 PSYoungGen      total 91648K, used 1287K [0x00000000f0900000, 0x00000000fe180000, 0x0000000100000000)
  eden space 90112K, 0% used [0x00000000f0900000,0x00000000f0900000,0x00000000f6100000)
  from space 1536K, 83% used [0x00000000fe000000,0x00000000fe141f50,0x00000000fe180000)
  to   space 2560K, 0% used [0x00000000fdc80000,0x00000000fdc80000,0x00000000fdf00000)
 ParOldGen       total 28672K, used 26172K [0x00000000d1c00000, 0x00000000d3800000, 0x00000000f0900000)
  object space 28672K, 91% used [0x00000000d1c00000,0x00000000d358f1b0,0x00000000d3800000)
 PSPermGen       total 27136K, used 15970K [0x00000000c7600000, 0x00000000c9080000, 0x00000000d1c00000)
  object space 27136K, 58% used [0x00000000c7600000,0x00000000c8598bb0,0x00000000c9080000)
}
Event: 4757.344 GC heap before
{Heap before GC invocations=1309 (full 8):
 PSYoungGen      total 91648K, used 91399K [0x00000000f0900000, 0x00000000fe180000, 0x0000000100000000)
  eden space 90112K, 100% used [0x00000000f0900000,0x00000000f6100000,0x00000000f6100000)
  from space 1536K, 83% used [0x00000000fe000000,0x00000000fe141f50,0x00000000fe180000)
  to   space 2560K, 0% used [0x00000000fdc80000,0x00000000fdc80000,0x00000000fdf00000)
 ParOldGen       total 28672K, used 26172K [0x00000000d1c00000, 0x00000000d3800000, 0x00000000f0900000)
  object space 28672K, 91% used [0x00000000d1c00000,0x00000000d358f1b0,0x00000000d3800000)
 PSPermGen       total 27136K, used 15973K [0x00000000c7600000, 0x00000000c9080000, 0x00000000d1c00000)
  object space 27136K, 58% used [0x00000000c7600000,0x00000000c85994a0,0x00000000c9080000)
Event: 4757.349 GC heap after
Heap after GC invocations=1309 (full 8):
 PSYoungGen      total 89088K, used 2294K [0x00000000f0900000, 0x00000000fe080000, 0x0000000100000000)
  eden space 86528K, 0% used [0x00000000f0900000,0x00000000f0900000,0x00000000f5d80000)
  from space 2560K, 89% used [0x00000000fdc80000,0x00000000fdebdae0,0x00000000fdf00000)
  to   space 1536K, 0% used [0x00000000fdf00000,0x00000000fdf00000,0x00000000fe080000)
 ParOldGen       total 28672K, used 26180K [0x00000000d1c00000, 0x00000000d3800000, 0x00000000f0900000)
  object space 28672K, 91% used [0x00000000d1c00000,0x00000000d35911b0,0x00000000d3800000)
 PSPermGen       total 27136K, used 15973K [0x00000000c7600000, 0x00000000c9080000, 0x00000000d1c00000)
  object space 27136K, 58% used [0x00000000c7600000,0x00000000c85994a0,0x00000000c9080000)
}
Event: 4759.984 GC heap before
{Heap before GC invocations=1310 (full 8):
 PSYoungGen      total 89088K, used 88822K [0x00000000f0900000, 0x00000000fe080000, 0x0000000100000000)
  eden space 86528K, 100% used [0x00000000f0900000,0x00000000f5d80000,0x00000000f5d80000)
  from space 2560K, 89% used [0x00000000fdc80000,0x00000000fdebdae0,0x00000000fdf00000)
  to   space 1536K, 0% used [0x00000000fdf00000,0x00000000fdf00000,0x00000000fe080000)
 ParOldGen       total 28672K, used 26180K [0x00000000d1c00000, 0x00000000d3800000, 0x00000000f0900000)
  object space 28672K, 91% used [0x00000000d1c00000,0x00000000d35911b0,0x00000000d3800000)
 PSPermGen       total 27136K, used 15975K [0x00000000c7600000, 0x00000000c9080000, 0x00000000d1c00000)
  object space 27136K, 58% used [0x00000000c7600000,0x00000000c8599e50,0x00000000c9080000)
Event: 4759.989 GC heap after
Heap after GC invocations=1310 (full 8):
 PSYoungGen      total 84480K, used 1518K [0x00000000f0900000, 0x00000000fe080000, 0x0000000100000000)
  eden space 82944K, 0% used [0x00000000f0900000,0x00000000f0900000,0x00000000f5a00000)
  from space 1536K, 98% used [0x00000000fdf00000,0x00000000fe07bae0,0x00000000fe080000)
  to   space 3584K, 0% used [0x00000000fd980000,0x00000000fd980000,0x00000000fdd00000)
 ParOldGen       total 28672K, used 27552K [0x00000000d1c00000, 0x00000000d3800000, 0x00000000f0900000)
  object space 28672K, 96% used [0x00000000d1c00000,0x00000000d36e8150,0x00000000d3800000)
 PSPermGen       total 27136K, used 15975K [0x00000000c7600000, 0x00000000c9080000, 0x00000000d1c00000)
  object space 27136K, 58% used [0x00000000c7600000,0x00000000c8599e50,0x00000000c9080000)
}
Event: 4759.989 GC heap before
{Heap before GC invocations=1311 (full 9):
 PSYoungGen      total 84480K, used 1518K [0x00000000f0900000, 0x00000000fe080000, 0x0000000100000000)
  eden space 82944K, 0% used [0x00000000f0900000,0x00000000f0900000,0x00000000f5a00000)
  from space 1536K, 98% used [0x00000000fdf00000,0x00000000fe07bae0,0x00000000fe080000)
  to   space 3584K, 0% used [0x00000000fd980000,0x00000000fd980000,0x00000000fdd00000)
 ParOldGen       total 28672K, used 27552K [0x00000000d1c00000, 0x00000000d3800000, 0x00000000f0900000)
  object space 28672K, 96% used [0x00000000d1c00000,0x00000000d36e8150,0x00000000d3800000)
 PSPermGen       total 27136K, used 15975K [0x00000000c7600000, 0x00000000c9080000, 0x00000000d1c00000)
  object space 27136K, 58% used [0x00000000c7600000,0x00000000c8599e50,0x00000000c9080000)
Event: 4760.051 GC heap after
Heap after GC invocations=1311 (full 9):
 PSYoungGen      total 84480K, used 0K [0x00000000f0900000, 0x00000000fe080000, 0x0000000100000000)
  eden space 82944K, 0% used [0x00000000f0900000,0x00000000f0900000,0x00000000f5a00000)
  from space 1536K, 0% used [0x00000000fdf00000,0x00000000fdf00000,0x00000000fe080000)
  to   space 3584K, 0% used [0x00000000fd980000,0x00000000fd980000,0x00000000fdd00000)
 ParOldGen       total 28160K, used 11192K [0x00000000d1c00000, 0x00000000d3780000, 0x00000000f0900000)
  object space 28160K, 39% used [0x00000000d1c00000,0x00000000d26ee288,0x00000000d3780000)
 PSPermGen       total 25600K, used 15975K [0x00000000c7600000, 0x00000000c8f00000, 0x00000000d1c00000)
  object space 25600K, 62% used [0x00000000c7600000,0x00000000c8599e50,0x00000000c8f00000)
}
Event: 4762.713 GC heap before
{Heap before GC invocations=1312 (full 9):
 PSYoungGen      total 84480K, used 82932K [0x00000000f0900000, 0x00000000fe080000, 0x0000000100000000)
  eden space 82944K, 99% used [0x00000000f0900000,0x00000000f59fd1a8,0x00000000f5a00000)
  from space 1536K, 0% used [0x00000000fdf00000,0x00000000fdf00000,0x00000000fe080000)
  to   space 3584K, 0% used [0x00000000fd980000,0x00000000fd980000,0x00000000fdd00000)
 ParOldGen       total 28160K, used 11192K [0x00000000d1c00000, 0x00000000d3780000, 0x00000000f0900000)
  object space 28160K, 39% used [0x00000000d1c00000,0x00000000d26ee288,0x00000000d3780000)
 PSPermGen       total 25600K, used 15977K [0x00000000c7600000, 0x00000000c8f00000, 0x00000000d1c00000)
  object space 25600K, 62% used [0x00000000c7600000,0x00000000c859a430,0x00000000c8f00000)
Event: 4762.721 GC heap after
Heap after GC invocations=1312 (full 9):
 PSYoungGen      total 82944K, used 2879K [0x00000000f0900000, 0x00000000fdf80000, 0x0000000100000000)
  eden space 79872K, 0% used [0x00000000f0900000,0x00000000f0900000,0x00000000f5700000)
  from space 3072K, 93% used [0x00000000fd980000,0x00000000fdc4fc60,0x00000000fdc80000)
  to   space 3072K, 0% used [0x00000000fdc80000,0x00000000fdc80000,0x00000000fdf80000)
 ParOldGen       total 28160K, used 11192K [0x00000000d1c00000, 0x00000000d3780000, 0x00000000f0900000)
  object space 28160K, 39% used [0x00000000d1c00000,0x00000000d26ee288,0x00000000d3780000)
 PSPermGen       total 25600K, used 15977K [0x00000000c7600000, 0x00000000c8f00000, 0x00000000d1c00000)
  object space 25600K, 62% used [0x00000000c7600000,0x00000000c859a430,0x00000000c8f00000)
}

