# JRE version: OpenJDK Runtime Environment (7.0_51) (build 1.7.0_51-b00)
# Java VM: OpenJDK 64-Bit Server VM (24.45-b08 mixed mode linux-amd64 compressed oops)
Heap
 PSYoungGen      total 108032K, used 6920K [0x00000000f0900000, 0x00000000f7a00000, 0x0000000100000000)
  eden space 101888K, 1% used [0x00000000f0900000,0x00000000f0a8f6f8,0x00000000f6c80000)
  from space 6144K, 86% used [0x00000000f7300000,0x00000000f7832a70,0x00000000f7900000)
  to   space 6656K, 0% used [0x00000000f6c80000,0x00000000f6c80000,0x00000000f7300000)
 ParOldGen       total 31232K, used 11196K [0x00000000d1c00000, 0x00000000d3a80000, 0x00000000f0900000)
  object space 31232K, 35% used [0x00000000d1c00000,0x00000000d26ef260,0x00000000d3a80000)
 PSPermGen       total 21504K, used 13030K [0x00000000c7600000, 0x00000000c8b00000, 0x00000000d1c00000)
  object space 21504K, 60% used [0x00000000c7600000,0x00000000c82b9bb0,0x00000000c8b00000)
GC Heap History (10 events):
Event: 3.036 GC heap before
{Heap before GC invocations=2 (full 0):
 PSYoungGen      total 14336K, used 14323K [0x00000000f0900000, 0x00000000f2500000, 0x0000000100000000)
  eden space 12800K, 100% used [0x00000000f0900000,0x00000000f1580000,0x00000000f1580000)
  from space 1536K, 99% used [0x00000000f1580000,0x00000000f16fcd90,0x00000000f1700000)
  to   space 1536K, 0% used [0x00000000f2380000,0x00000000f2380000,0x00000000f2500000)
 ParOldGen       total 31232K, used 1702K [0x00000000d1c00000, 0x00000000d3a80000, 0x00000000f0900000)
  object space 31232K, 5% used [0x00000000d1c00000,0x00000000d1da9b78,0x00000000d3a80000)
 PSPermGen       total 21504K, used 8280K [0x00000000c7600000, 0x00000000c8b00000, 0x00000000d1c00000)
  object space 21504K, 38% used [0x00000000c7600000,0x00000000c7e160f8,0x00000000c8b00000)
Event: 3.060 GC heap after
Heap after GC invocations=2 (full 0):
 PSYoungGen      total 27136K, used 1520K [0x00000000f0900000, 0x00000000f2500000, 0x0000000100000000)
  eden space 25600K, 0% used [0x00000000f0900000,0x00000000f0900000,0x00000000f2200000)
  from space 1536K, 98% used [0x00000000f2380000,0x00000000f24fc250,0x00000000f2500000)
  to   space 1536K, 0% used [0x00000000f2200000,0x00000000f2200000,0x00000000f2380000)
 ParOldGen       total 31232K, used 2824K [0x00000000d1c00000, 0x00000000d3a80000, 0x00000000f0900000)
  object space 31232K, 9% used [0x00000000d1c00000,0x00000000d1ec2118,0x00000000d3a80000)
 PSPermGen       total 21504K, used 8280K [0x00000000c7600000, 0x00000000c8b00000, 0x00000000d1c00000)
  object space 21504K, 38% used [0x00000000c7600000,0x00000000c7e160f8,0x00000000c8b00000)
}
Event: 4.731 GC heap before
{Heap before GC invocations=3 (full 0):
 PSYoungGen      total 27136K, used 27120K [0x00000000f0900000, 0x00000000f2500000, 0x0000000100000000)
  eden space 25600K, 100% used [0x00000000f0900000,0x00000000f2200000,0x00000000f2200000)
  from space 1536K, 98% used [0x00000000f2380000,0x00000000f24fc250,0x00000000f2500000)
  to   space 1536K, 0% used [0x00000000f2200000,0x00000000f2200000,0x00000000f2380000)
 ParOldGen       total 31232K, used 2824K [0x00000000d1c00000, 0x00000000d3a80000, 0x00000000f0900000)
  object space 31232K, 9% used [0x00000000d1c00000,0x00000000d1ec2118,0x00000000d3a80000)
 PSPermGen       total 21504K, used 11735K [0x00000000c7600000, 0x00000000c8b00000, 0x00000000d1c00000)
  object space 21504K, 54% used [0x00000000c7600000,0x00000000c8175c40,0x00000000c8b00000)
Event: 4.752 GC heap after
Heap after GC invocations=3 (full 0):
 PSYoungGen      total 27136K, used 1521K [0x00000000f0900000, 0x00000000f3e00000, 0x0000000100000000)
  eden space 25600K, 0% used [0x00000000f0900000,0x00000000f0900000,0x00000000f2200000)
  from space 1536K, 99% used [0x00000000f2200000,0x00000000f237c490,0x00000000f2380000)
  to   space 1536K, 0% used [0x00000000f3c80000,0x00000000f3c80000,0x00000000f3e00000)
 ParOldGen       total 31232K, used 4059K [0x00000000d1c00000, 0x00000000d3a80000, 0x00000000f0900000)
  object space 31232K, 12% used [0x00000000d1c00000,0x00000000d1ff6c20,0x00000000d3a80000)
 PSPermGen       total 21504K, used 11735K [0x00000000c7600000, 0x00000000c8b00000, 0x00000000d1c00000)
  object space 21504K, 54% used [0x00000000c7600000,0x00000000c8175c40,0x00000000c8b00000)
}
Event: 6.722 GC heap before
{Heap before GC invocations=4 (full 0):
 PSYoungGen      total 27136K, used 27121K [0x00000000f0900000, 0x00000000f3e00000, 0x0000000100000000)
  eden space 25600K, 100% used [0x00000000f0900000,0x00000000f2200000,0x00000000f2200000)
  from space 1536K, 99% used [0x00000000f2200000,0x00000000f237c490,0x00000000f2380000)
  to   space 1536K, 0% used [0x00000000f3c80000,0x00000000f3c80000,0x00000000f3e00000)
 ParOldGen       total 31232K, used 4059K [0x00000000d1c00000, 0x00000000d3a80000, 0x00000000f0900000)
  object space 31232K, 12% used [0x00000000d1c00000,0x00000000d1ff6c20,0x00000000d3a80000)
 PSPermGen       total 21504K, used 12977K [0x00000000c7600000, 0x00000000c8b00000, 0x00000000d1c00000)
  object space 21504K, 60% used [0x00000000c7600000,0x00000000c82ac4c8,0x00000000c8b00000)
Event: 6.746 GC heap after
Heap after GC invocations=4 (full 0):
 PSYoungGen      total 52736K, used 1512K [0x00000000f0900000, 0x00000000f3e00000, 0x0000000100000000)
  eden space 51200K, 0% used [0x00000000f0900000,0x00000000f0900000,0x00000000f3b00000)
  from space 1536K, 98% used [0x00000000f3c80000,0x00000000f3dfa1b0,0x00000000f3e00000)
  to   space 1536K, 0% used [0x00000000f3b00000,0x00000000f3b00000,0x00000000f3c80000)
 ParOldGen       total 31232K, used 6774K [0x00000000d1c00000, 0x00000000d3a80000, 0x00000000f0900000)
  object space 31232K, 21% used [0x00000000d1c00000,0x00000000d229da40,0x00000000d3a80000)
 PSPermGen       total 21504K, used 12977K [0x00000000c7600000, 0x00000000c8b00000, 0x00000000d1c00000)
  object space 21504K, 60% used [0x00000000c7600000,0x00000000c82ac4c8,0x00000000c8b00000)
}
Event: 8.660 GC heap before
{Heap before GC invocations=5 (full 0):
 PSYoungGen      total 52736K, used 52666K [0x00000000f0900000, 0x00000000f3e00000, 0x0000000100000000)
  eden space 51200K, 99% used [0x00000000f0900000,0x00000000f3af4878,0x00000000f3b00000)
  from space 1536K, 98% used [0x00000000f3c80000,0x00000000f3dfa1b0,0x00000000f3e00000)
  to   space 1536K, 0% used [0x00000000f3b00000,0x00000000f3b00000,0x00000000f3c80000)
 ParOldGen       total 31232K, used 6774K [0x00000000d1c00000, 0x00000000d3a80000, 0x00000000f0900000)
  object space 31232K, 21% used [0x00000000d1c00000,0x00000000d229da40,0x00000000d3a80000)
 PSPermGen       total 21504K, used 13002K [0x00000000c7600000, 0x00000000c8b00000, 0x00000000d1c00000)
  object space 21504K, 60% used [0x00000000c7600000,0x00000000c82b2bc8,0x00000000c8b00000)
Event: 8.697 GC heap after
Heap after GC invocations=5 (full 0):
 PSYoungGen      total 52736K, used 1508K [0x00000000f0900000, 0x00000000f7900000, 0x0000000100000000)
  eden space 51200K, 0% used [0x00000000f0900000,0x00000000f0900000,0x00000000f3b00000)
  from space 1536K, 98% used [0x00000000f3b00000,0x00000000f3c792c0,0x00000000f3c80000)
  to   space 6144K, 0% used [0x00000000f7300000,0x00000000f7300000,0x00000000f7900000)
 ParOldGen       total 31232K, used 11196K [0x00000000d1c00000, 0x00000000d3a80000, 0x00000000f0900000)
  object space 31232K, 35% used [0x00000000d1c00000,0x00000000d26ef260,0x00000000d3a80000)
 PSPermGen       total 21504K, used 13002K [0x00000000c7600000, 0x00000000c8b00000, 0x00000000d1c00000)
  object space 21504K, 60% used [0x00000000c7600000,0x00000000c82b2bc8,0x00000000c8b00000)
}
Event: 10.320 GC heap before
{Heap before GC invocations=6 (full 0):
 PSYoungGen      total 52736K, used 52708K [0x00000000f0900000, 0x00000000f7900000, 0x0000000100000000)
  eden space 51200K, 100% used [0x00000000f0900000,0x00000000f3b00000,0x00000000f3b00000)
  from space 1536K, 98% used [0x00000000f3b00000,0x00000000f3c792c0,0x00000000f3c80000)
  to   space 6144K, 0% used [0x00000000f7300000,0x00000000f7300000,0x00000000f7900000)
 ParOldGen       total 31232K, used 11196K [0x00000000d1c00000, 0x00000000d3a80000, 0x00000000f0900000)
  object space 31232K, 35% used [0x00000000d1c00000,0x00000000d26ef260,0x00000000d3a80000)
 PSPermGen       total 21504K, used 13030K [0x00000000c7600000, 0x00000000c8b00000, 0x00000000d1c00000)
  object space 21504K, 60% used [0x00000000c7600000,0x00000000c82b9b90,0x00000000c8b00000)
Event: 10.340 GC heap after
Heap after GC invocations=6 (full 0):
 PSYoungGen      total 108032K, used 5322K [0x00000000f0900000, 0x00000000f7a00000, 0x0000000100000000)
  eden space 101888K, 0% used [0x00000000f0900000,0x00000000f0900000,0x00000000f6c80000)
  from space 6144K, 86% used [0x00000000f7300000,0x00000000f7832a70,0x00000000f7900000)
  to   space 6656K, 0% used [0x00000000f6c80000,0x00000000f6c80000,0x00000000f7300000)
 ParOldGen       total 31232K, used 11196K [0x00000000d1c00000, 0x00000000d3a80000, 0x00000000f0900000)
  object space 31232K, 35% used [0x00000000d1c00000,0x00000000d26ef260,0x00000000d3a80000)
 PSPermGen       total 21504K, used 13030K [0x00000000c7600000, 0x00000000c8b00000, 0x00000000d1c00000)
  object space 21504K, 60% used [0x00000000c7600000,0x00000000c82b9b90,0x00000000c8b00000)
}

