# JRE version: OpenJDK Runtime Environment (7.0_51) (build 1.7.0_51-b00)
# Java VM: OpenJDK 64-Bit Server VM (24.45-b08 mixed mode linux-amd64 compressed oops)
Heap
 PSYoungGen      total 219648K, used 11919K [0x00000000f0900000, 0x00000000ff700000, 0x0000000100000000)
  eden space 207872K, 0% used [0x00000000f0900000,0x00000000f093a4f8,0x00000000fd400000)
  from space 11776K, 99% used [0x00000000fde00000,0x00000000fe969800,0x00000000fe980000)
  to   space 13824K, 0% used [0x00000000fe980000,0x00000000fe980000,0x00000000ff700000)
 ParOldGen       total 31232K, used 23422K [0x00000000d1c00000, 0x00000000d3a80000, 0x00000000f0900000)
  object space 31232K, 74% used [0x00000000d1c00000,0x00000000d32dfa90,0x00000000d3a80000)
 PSPermGen       total 21504K, used 13245K [0x00000000c7600000, 0x00000000c8b00000, 0x00000000d1c00000)
  object space 21504K, 61% used [0x00000000c7600000,0x00000000c82ef5f8,0x00000000c8b00000)
GC Heap History (10 events):
Event: 30.781 GC heap before
{Heap before GC invocations=11 (full 0):
 PSYoungGen      total 238080K, used 235988K [0x00000000f0900000, 0x0000000100000000, 0x0000000100000000)
  eden space 225280K, 100% used [0x00000000f0900000,0x00000000fe500000,0x00000000fe500000)
  from space 12800K, 83% used [0x00000000ff380000,0x00000000ffdf5210,0x0000000100000000)
  to   space 13824K, 0% used [0x00000000fe500000,0x00000000fe500000,0x00000000ff280000)
 ParOldGen       total 31232K, used 19474K [0x00000000d1c00000, 0x00000000d3a80000, 0x00000000f0900000)
  object space 31232K, 62% used [0x00000000d1c00000,0x00000000d2f049b0,0x00000000d3a80000)
 PSPermGen       total 21504K, used 13168K [0x00000000c7600000, 0x00000000c8b00000, 0x00000000d1c00000)
  object space 21504K, 61% used [0x00000000c7600000,0x00000000c82dc0b0,0x00000000c8b00000)
Event: 30.877 GC heap after
Heap after GC invocations=11 (full 0):
 PSYoungGen      total 237056K, used 11476K [0x00000000f0900000, 0x0000000100000000, 0x0000000100000000)
  eden space 225280K, 0% used [0x00000000f0900000,0x00000000f0900000,0x00000000fe500000)
  from space 11776K, 97% used [0x00000000fe500000,0x00000000ff035170,0x00000000ff080000)
  to   space 14848K, 0% used [0x00000000ff180000,0x00000000ff180000,0x0000000100000000)
 ParOldGen       total 31232K, used 20419K [0x00000000d1c00000, 0x00000000d3a80000, 0x00000000f0900000)
  object space 31232K, 65% used [0x00000000d1c00000,0x00000000d2ff0e60,0x00000000d3a80000)
 PSPermGen       total 21504K, used 13168K [0x00000000c7600000, 0x00000000c8b00000, 0x00000000d1c00000)
  object space 21504K, 61% used [0x00000000c7600000,0x00000000c82dc0b0,0x00000000c8b00000)
}
Event: 36.236 GC heap before
{Heap before GC invocations=12 (full 0):
 PSYoungGen      total 237056K, used 236756K [0x00000000f0900000, 0x0000000100000000, 0x0000000100000000)
  eden space 225280K, 100% used [0x00000000f0900000,0x00000000fe500000,0x00000000fe500000)
  from space 11776K, 97% used [0x00000000fe500000,0x00000000ff035170,0x00000000ff080000)
  to   space 14848K, 0% used [0x00000000ff180000,0x00000000ff180000,0x0000000100000000)
 ParOldGen       total 31232K, used 20419K [0x00000000d1c00000, 0x00000000d3a80000, 0x00000000f0900000)
  object space 31232K, 65% used [0x00000000d1c00000,0x00000000d2ff0e60,0x00000000d3a80000)
 PSPermGen       total 21504K, used 13189K [0x00000000c7600000, 0x00000000c8b00000, 0x00000000d1c00000)
  object space 21504K, 61% used [0x00000000c7600000,0x00000000c82e15c8,0x00000000c8b00000)
Event: 36.268 GC heap after
Heap after GC invocations=12 (full 0):
 PSYoungGen      total 236032K, used 11858K [0x00000000f0900000, 0x0000000100000000, 0x0000000100000000)
  eden space 221184K, 0% used [0x00000000f0900000,0x00000000f0900000,0x00000000fe100000)
  from space 14848K, 79% used [0x00000000ff180000,0x00000000ffd14b90,0x0000000100000000)
  to   space 15872K, 0% used [0x00000000fe100000,0x00000000fe100000,0x00000000ff080000)
 ParOldGen       total 31232K, used 21048K [0x00000000d1c00000, 0x00000000d3a80000, 0x00000000f0900000)
  object space 31232K, 67% used [0x00000000d1c00000,0x00000000d308e390,0x00000000d3a80000)
 PSPermGen       total 21504K, used 13189K [0x00000000c7600000, 0x00000000c8b00000, 0x00000000d1c00000)
  object space 21504K, 61% used [0x00000000c7600000,0x00000000c82e15c8,0x00000000c8b00000)
}
Event: 42.363 GC heap before
{Heap before GC invocations=13 (full 0):
 PSYoungGen      total 236032K, used 233042K [0x00000000f0900000, 0x0000000100000000, 0x0000000100000000)
  eden space 221184K, 100% used [0x00000000f0900000,0x00000000fe100000,0x00000000fe100000)
  from space 14848K, 79% used [0x00000000ff180000,0x00000000ffd14b90,0x0000000100000000)
  to   space 15872K, 0% used [0x00000000fe100000,0x00000000fe100000,0x00000000ff080000)
 ParOldGen       total 31232K, used 21048K [0x00000000d1c00000, 0x00000000d3a80000, 0x00000000f0900000)
  object space 31232K, 67% used [0x00000000d1c00000,0x00000000d308e390,0x00000000d3a80000)
 PSPermGen       total 21504K, used 13205K [0x00000000c7600000, 0x00000000c8b00000, 0x00000000d1c00000)
  object space 21504K, 61% used [0x00000000c7600000,0x00000000c82e56d8,0x00000000c8b00000)
Event: 42.389 GC heap after
Heap after GC invocations=13 (full 0):
 PSYoungGen      total 233472K, used 11879K [0x00000000f0900000, 0x0000000100000000, 0x0000000100000000)
  eden space 221184K, 0% used [0x00000000f0900000,0x00000000f0900000,0x00000000fe100000)
  from space 12288K, 96% used [0x00000000fe100000,0x00000000fec99c90,0x00000000fed00000)
  to   space 16896K, 0% used [0x00000000fef80000,0x00000000fef80000,0x0000000100000000)
 ParOldGen       total 31232K, used 22054K [0x00000000d1c00000, 0x00000000d3a80000, 0x00000000f0900000)
  object space 31232K, 70% used [0x00000000d1c00000,0x00000000d3189990,0x00000000d3a80000)
 PSPermGen       total 21504K, used 13205K [0x00000000c7600000, 0x00000000c8b00000, 0x00000000d1c00000)
  object space 21504K, 61% used [0x00000000c7600000,0x00000000c82e56d8,0x00000000c8b00000)
}
Event: 47.912 GC heap before
{Heap before GC invocations=14 (full 0):
 PSYoungGen      total 233472K, used 233063K [0x00000000f0900000, 0x0000000100000000, 0x0000000100000000)
  eden space 221184K, 100% used [0x00000000f0900000,0x00000000fe100000,0x00000000fe100000)
  from space 12288K, 96% used [0x00000000fe100000,0x00000000fec99c90,0x00000000fed00000)
  to   space 16896K, 0% used [0x00000000fef80000,0x00000000fef80000,0x0000000100000000)
 ParOldGen       total 31232K, used 22054K [0x00000000d1c00000, 0x00000000d3a80000, 0x00000000f0900000)
  object space 31232K, 70% used [0x00000000d1c00000,0x00000000d3189990,0x00000000d3a80000)
 PSPermGen       total 21504K, used 13229K [0x00000000c7600000, 0x00000000c8b00000, 0x00000000d1c00000)
  object space 21504K, 61% used [0x00000000c7600000,0x00000000c82eb6e8,0x00000000c8b00000)
Event: 47.949 GC heap after
Heap after GC invocations=14 (full 0):
 PSYoungGen      total 235008K, used 12164K [0x00000000f0900000, 0x0000000100000000, 0x0000000100000000)
  eden space 218112K, 0% used [0x00000000f0900000,0x00000000f0900000,0x00000000fde00000)
  from space 16896K, 71% used [0x00000000fef80000,0x00000000ffb61340,0x0000000100000000)
  to   space 17408K, 0% used [0x00000000fde00000,0x00000000fde00000,0x00000000fef00000)
 ParOldGen       total 31232K, used 22805K [0x00000000d1c00000, 0x00000000d3a80000, 0x00000000f0900000)
  object space 31232K, 73% used [0x00000000d1c00000,0x00000000d3245620,0x00000000d3a80000)
 PSPermGen       total 21504K, used 13229K [0x00000000c7600000, 0x00000000c8b00000, 0x00000000d1c00000)
  object space 21504K, 61% used [0x00000000c7600000,0x00000000c82eb6e8,0x00000000c8b00000)
}
Event: 53.307 GC heap before
{Heap before GC invocations=15 (full 0):
 PSYoungGen      total 235008K, used 230211K [0x00000000f0900000, 0x0000000100000000, 0x0000000100000000)
  eden space 218112K, 99% used [0x00000000f0900000,0x00000000fddefb88,0x00000000fde00000)
  from space 16896K, 71% used [0x00000000fef80000,0x00000000ffb61340,0x0000000100000000)
  to   space 17408K, 0% used [0x00000000fde00000,0x00000000fde00000,0x00000000fef00000)
 ParOldGen       total 31232K, used 22805K [0x00000000d1c00000, 0x00000000d3a80000, 0x00000000f0900000)
  object space 31232K, 73% used [0x00000000d1c00000,0x00000000d3245620,0x00000000d3a80000)
 PSPermGen       total 21504K, used 13244K [0x00000000c7600000, 0x00000000c8b00000, 0x00000000d1c00000)
  object space 21504K, 61% used [0x00000000c7600000,0x00000000c82ef088,0x00000000c8b00000)
Event: 53.332 GC heap after
Heap after GC invocations=15 (full 0):
 PSYoungGen      total 219648K, used 11686K [0x00000000f0900000, 0x00000000ff700000, 0x0000000100000000)
  eden space 207872K, 0% used [0x00000000f0900000,0x00000000f0900000,0x00000000fd400000)
  from space 11776K, 99% used [0x00000000fde00000,0x00000000fe969800,0x00000000fe980000)
  to   space 13824K, 0% used [0x00000000fe980000,0x00000000fe980000,0x00000000ff700000)
 ParOldGen       total 31232K, used 23422K [0x00000000d1c00000, 0x00000000d3a80000, 0x00000000f0900000)
  object space 31232K, 74% used [0x00000000d1c00000,0x00000000d32dfa90,0x00000000d3a80000)
 PSPermGen       total 21504K, used 13244K [0x00000000c7600000, 0x00000000c8b00000, 0x00000000d1c00000)
  object space 21504K, 61% used [0x00000000c7600000,0x00000000c82ef088,0x00000000c8b00000)
}

