# JRE version: OpenJDK Runtime Environment (7.0_51) (build 1.7.0_51-b00)
# Java VM: OpenJDK 64-Bit Server VM (24.45-b08 mixed mode linux-amd64 compressed oops)
Heap
 PSYoungGen      total 241152K, used 10010K [0x00000000f0900000, 0x0000000100000000, 0x0000000100000000)
  eden space 231424K, 0% used [0x00000000f0900000,0x00000000f09a2670,0x00000000feb00000)
  from space 9728K, 96% used [0x00000000ff680000,0x00000000fffa4320,0x0000000100000000)
  to   space 10752K, 0% used [0x00000000feb00000,0x00000000feb00000,0x00000000ff580000)
 ParOldGen       total 31232K, used 15532K [0x00000000d1c00000, 0x00000000d3a80000, 0x00000000f0900000)
  object space 31232K, 49% used [0x00000000d1c00000,0x00000000d2b2b130,0x00000000d3a80000)
 PSPermGen       total 21504K, used 13160K [0x00000000c7600000, 0x00000000c8b00000, 0x00000000d1c00000)
  object space 21504K, 61% used [0x00000000c7600000,0x00000000c82da058,0x00000000c8b00000)
GC Heap History (10 events):
Event: 11.623 GC heap before
{Heap before GC invocations=8 (full 0):
 PSYoungGen      total 55808K, used 55791K [0x00000000f0900000, 0x00000000f7700000, 0x0000000100000000)
  eden space 51200K, 100% used [0x00000000f0900000,0x00000000f3b00000,0x00000000f3b00000)
  from space 4608K, 99% used [0x00000000f3b00000,0x00000000f3f7bd90,0x00000000f3f80000)
  to   space 5120K, 0% used [0x00000000f7200000,0x00000000f7200000,0x00000000f7700000)
 ParOldGen       total 31232K, used 8723K [0x00000000d1c00000, 0x00000000d3a80000, 0x00000000f0900000)
  object space 31232K, 27% used [0x00000000d1c00000,0x00000000d2484fd8,0x00000000d3a80000)
 PSPermGen       total 21504K, used 13048K [0x00000000c7600000, 0x00000000c8b00000, 0x00000000d1c00000)
  object space 21504K, 60% used [0x00000000c7600000,0x00000000c82be0c0,0x00000000c8b00000)
Event: 11.647 GC heap after
Heap after GC invocations=8 (full 0):
 PSYoungGen      total 107008K, used 4930K [0x00000000f0900000, 0x00000000f7800000, 0x0000000100000000)
  eden space 101888K, 0% used [0x00000000f0900000,0x00000000f0900000,0x00000000f6c80000)
  from space 5120K, 96% used [0x00000000f7200000,0x00000000f76d0a40,0x00000000f7700000)
  to   space 5632K, 0% used [0x00000000f6c80000,0x00000000f6c80000,0x00000000f7200000)
 ParOldGen       total 31232K, used 9069K [0x00000000d1c00000, 0x00000000d3a80000, 0x00000000f0900000)
  object space 31232K, 29% used [0x00000000d1c00000,0x00000000d24db6c0,0x00000000d3a80000)
 PSPermGen       total 21504K, used 13048K [0x00000000c7600000, 0x00000000c8b00000, 0x00000000d1c00000)
  object space 21504K, 60% used [0x00000000c7600000,0x00000000c82be0c0,0x00000000c8b00000)
}
Event: 14.274 GC heap before
{Heap before GC invocations=9 (full 0):
 PSYoungGen      total 107008K, used 106818K [0x00000000f0900000, 0x00000000f7800000, 0x0000000100000000)
  eden space 101888K, 100% used [0x00000000f0900000,0x00000000f6c80000,0x00000000f6c80000)
  from space 5120K, 96% used [0x00000000f7200000,0x00000000f76d0a40,0x00000000f7700000)
  to   space 5632K, 0% used [0x00000000f6c80000,0x00000000f6c80000,0x00000000f7200000)
 ParOldGen       total 31232K, used 9069K [0x00000000d1c00000, 0x00000000d3a80000, 0x00000000f0900000)
  object space 31232K, 29% used [0x00000000d1c00000,0x00000000d24db6c0,0x00000000d3a80000)
 PSPermGen       total 21504K, used 13078K [0x00000000c7600000, 0x00000000c8b00000, 0x00000000d1c00000)
  object space 21504K, 60% used [0x00000000c7600000,0x00000000c82c5880,0x00000000c8b00000)
Event: 14.320 GC heap after
Heap after GC invocations=9 (full 0):
 PSYoungGen      total 107520K, used 5621K [0x00000000f0900000, 0x00000000fb680000, 0x0000000100000000)
  eden space 101888K, 0% used [0x00000000f0900000,0x00000000f0900000,0x00000000f6c80000)
  from space 5632K, 99% used [0x00000000f6c80000,0x00000000f71fd690,0x00000000f7200000)
  to   space 7168K, 0% used [0x00000000faf80000,0x00000000faf80000,0x00000000fb680000)
 ParOldGen       total 31232K, used 10924K [0x00000000d1c00000, 0x00000000d3a80000, 0x00000000f0900000)
  object space 31232K, 34% used [0x00000000d1c00000,0x00000000d26ab050,0x00000000d3a80000)
 PSPermGen       total 21504K, used 13078K [0x00000000c7600000, 0x00000000c8b00000, 0x00000000d1c00000)
  object space 21504K, 60% used [0x00000000c7600000,0x00000000c82c5880,0x00000000c8b00000)
}
Event: 17.419 GC heap before
{Heap before GC invocations=10 (full 0):
 PSYoungGen      total 107520K, used 107509K [0x00000000f0900000, 0x00000000fb680000, 0x0000000100000000)
  eden space 101888K, 100% used [0x00000000f0900000,0x00000000f6c80000,0x00000000f6c80000)
  from space 5632K, 99% used [0x00000000f6c80000,0x00000000f71fd690,0x00000000f7200000)
  to   space 7168K, 0% used [0x00000000faf80000,0x00000000faf80000,0x00000000fb680000)
 ParOldGen       total 31232K, used 10924K [0x00000000d1c00000, 0x00000000d3a80000, 0x00000000f0900000)
  object space 31232K, 34% used [0x00000000d1c00000,0x00000000d26ab050,0x00000000d3a80000)
 PSPermGen       total 21504K, used 13117K [0x00000000c7600000, 0x00000000c8b00000, 0x00000000d1c00000)
  object space 21504K, 61% used [0x00000000c7600000,0x00000000c82cf640,0x00000000c8b00000)
Event: 17.452 GC heap after
Heap after GC invocations=10 (full 0):
 PSYoungGen      total 169984K, used 6704K [0x00000000f0900000, 0x00000000fb780000, 0x0000000100000000)
  eden space 162816K, 0% used [0x00000000f0900000,0x00000000f0900000,0x00000000fa800000)
  from space 7168K, 93% used [0x00000000faf80000,0x00000000fb60c280,0x00000000fb680000)
  to   space 7680K, 0% used [0x00000000fa800000,0x00000000fa800000,0x00000000faf80000)
 ParOldGen       total 31232K, used 11114K [0x00000000d1c00000, 0x00000000d3a80000, 0x00000000f0900000)
  object space 31232K, 35% used [0x00000000d1c00000,0x00000000d26da980,0x00000000d3a80000)
 PSPermGen       total 21504K, used 13117K [0x00000000c7600000, 0x00000000c8b00000, 0x00000000d1c00000)
  object space 21504K, 61% used [0x00000000c7600000,0x00000000c82cf640,0x00000000c8b00000)
}
Event: 21.708 GC heap before
{Heap before GC invocations=11 (full 0):
 PSYoungGen      total 169984K, used 169520K [0x00000000f0900000, 0x00000000fb780000, 0x0000000100000000)
  eden space 162816K, 100% used [0x00000000f0900000,0x00000000fa800000,0x00000000fa800000)
  from space 7168K, 93% used [0x00000000faf80000,0x00000000fb60c280,0x00000000fb680000)
  to   space 7680K, 0% used [0x00000000fa800000,0x00000000fa800000,0x00000000faf80000)
 ParOldGen       total 31232K, used 11114K [0x00000000d1c00000, 0x00000000d3a80000, 0x00000000f0900000)
  object space 31232K, 35% used [0x00000000d1c00000,0x00000000d26da980,0x00000000d3a80000)
 PSPermGen       total 21504K, used 13131K [0x00000000c7600000, 0x00000000c8b00000, 0x00000000d1c00000)
  object space 21504K, 61% used [0x00000000c7600000,0x00000000c82d2f78,0x00000000c8b00000)
Event: 21.775 GC heap after
Heap after GC invocations=11 (full 0):
 PSYoungGen      total 170496K, used 7659K [0x00000000f0900000, 0x0000000100000000, 0x0000000100000000)
  eden space 162816K, 0% used [0x00000000f0900000,0x00000000f0900000,0x00000000fa800000)
  from space 7680K, 99% used [0x00000000fa800000,0x00000000faf7acf0,0x00000000faf80000)
  to   space 9728K, 0% used [0x00000000ff680000,0x00000000ff680000,0x0000000100000000)
 ParOldGen       total 31232K, used 14097K [0x00000000d1c00000, 0x00000000d3a80000, 0x00000000f0900000)
  object space 31232K, 45% used [0x00000000d1c00000,0x00000000d29c44a0,0x00000000d3a80000)
 PSPermGen       total 21504K, used 13131K [0x00000000c7600000, 0x00000000c8b00000, 0x00000000d1c00000)
  object space 21504K, 61% used [0x00000000c7600000,0x00000000c82d2f78,0x00000000c8b00000)
}
Event: 26.737 GC heap before
{Heap before GC invocations=12 (full 0):
 PSYoungGen      total 170496K, used 170447K [0x00000000f0900000, 0x0000000100000000, 0x0000000100000000)
  eden space 162816K, 99% used [0x00000000f0900000,0x00000000fa7f9250,0x00000000fa800000)
  from space 7680K, 99% used [0x00000000fa800000,0x00000000faf7acf0,0x00000000faf80000)
  to   space 9728K, 0% used [0x00000000ff680000,0x00000000ff680000,0x0000000100000000)
 ParOldGen       total 31232K, used 14097K [0x00000000d1c00000, 0x00000000d3a80000, 0x00000000f0900000)
  object space 31232K, 45% used [0x00000000d1c00000,0x00000000d29c44a0,0x00000000d3a80000)
 PSPermGen       total 21504K, used 13160K [0x00000000c7600000, 0x00000000c8b00000, 0x00000000d1c00000)
  object space 21504K, 61% used [0x00000000c7600000,0x00000000c82da058,0x00000000c8b00000)
Event: 26.812 GC heap after
Heap after GC invocations=12 (full 0):
 PSYoungGen      total 241152K, used 9360K [0x00000000f0900000, 0x0000000100000000, 0x0000000100000000)
  eden space 231424K, 0% used [0x00000000f0900000,0x00000000f0900000,0x00000000feb00000)
  from space 9728K, 96% used [0x00000000ff680000,0x00000000fffa4320,0x0000000100000000)
  to   space 10752K, 0% used [0x00000000feb00000,0x00000000feb00000,0x00000000ff580000)
 ParOldGen       total 31232K, used 15532K [0x00000000d1c00000, 0x00000000d3a80000, 0x00000000f0900000)
  object space 31232K, 49% used [0x00000000d1c00000,0x00000000d2b2b130,0x00000000d3a80000)
 PSPermGen       total 21504K, used 13160K [0x00000000c7600000, 0x00000000c8b00000, 0x00000000d1c00000)
  object space 21504K, 61% used [0x00000000c7600000,0x00000000c82da058,0x00000000c8b00000)
}

