# JRE version: OpenJDK Runtime Environment (7.0_51) (build 1.7.0_51-b00)
# Java VM: OpenJDK 64-Bit Server VM (24.45-b08 mixed mode linux-amd64 compressed oops)
Heap
 PSYoungGen      total 27136K, used 21899K [0x00000000f0900000, 0x00000000f2500000, 0x0000000100000000)
  eden space 25600K, 79% used [0x00000000f0900000,0x00000000f1ce5c98,0x00000000f2200000)
  from space 1536K, 99% used [0x00000000f2380000,0x00000000f24fcf90,0x00000000f2500000)
  to   space 1536K, 0% used [0x00000000f2200000,0x00000000f2200000,0x00000000f2380000)
 ParOldGen       total 31232K, used 1700K [0x00000000d1c00000, 0x00000000d3a80000, 0x00000000f0900000)
  object space 31232K, 5% used [0x00000000d1c00000,0x00000000d1da90a8,0x00000000d3a80000)
 PSPermGen       total 21504K, used 12481K [0x00000000c7600000, 0x00000000c8b00000, 0x00000000d1c00000)
  object space 21504K, 58% used [0x00000000c7600000,0x00000000c82307c0,0x00000000c8b00000)
GC Heap History (4 events):
Event: 2.288 GC heap before
{Heap before GC invocations=1 (full 0):
 PSYoungGen      total 14336K, used 12800K [0x00000000f0900000, 0x00000000f1880000, 0x0000000100000000)
  eden space 12800K, 100% used [0x00000000f0900000,0x00000000f1580000,0x00000000f1580000)
  from space 1536K, 0% used [0x00000000f1700000,0x00000000f1700000,0x00000000f1880000)
  to   space 1536K, 0% used [0x00000000f1580000,0x00000000f1580000,0x00000000f1700000)
 ParOldGen       total 31232K, used 0K [0x00000000d1c00000, 0x00000000d3a80000, 0x00000000f0900000)
  object space 31232K, 0% used [0x00000000d1c00000,0x00000000d1c00000,0x00000000d3a80000)
 PSPermGen       total 21504K, used 7657K [0x00000000c7600000, 0x00000000c8b00000, 0x00000000d1c00000)
  object space 21504K, 35% used [0x00000000c7600000,0x00000000c7d7a6d0,0x00000000c8b00000)
Event: 2.313 GC heap after
Heap after GC invocations=1 (full 0):
 PSYoungGen      total 14336K, used 1505K [0x00000000f0900000, 0x00000000f2500000, 0x0000000100000000)
  eden space 12800K, 0% used [0x00000000f0900000,0x00000000f0900000,0x00000000f1580000)
  from space 1536K, 97% used [0x00000000f1580000,0x00000000f16f84a0,0x00000000f1700000)
  to   space 1536K, 0% used [0x00000000f2380000,0x00000000f2380000,0x00000000f2500000)
 ParOldGen       total 31232K, used 1021K [0x00000000d1c00000, 0x00000000d3a80000, 0x00000000f0900000)
  object space 31232K, 3% used [0x00000000d1c00000,0x00000000d1cff770,0x00000000d3a80000)
 PSPermGen       total 21504K, used 7657K [0x00000000c7600000, 0x00000000c8b00000, 0x00000000d1c00000)
  object space 21504K, 35% used [0x00000000c7600000,0x00000000c7d7a6d0,0x00000000c8b00000)
}
Event: 3.117 GC heap before
{Heap before GC invocations=2 (full 0):
 PSYoungGen      total 14336K, used 14305K [0x00000000f0900000, 0x00000000f2500000, 0x0000000100000000)
  eden space 12800K, 100% used [0x00000000f0900000,0x00000000f1580000,0x00000000f1580000)
  from space 1536K, 97% used [0x00000000f1580000,0x00000000f16f84a0,0x00000000f1700000)
  to   space 1536K, 0% used [0x00000000f2380000,0x00000000f2380000,0x00000000f2500000)
 ParOldGen       total 31232K, used 1021K [0x00000000d1c00000, 0x00000000d3a80000, 0x00000000f0900000)
  object space 31232K, 3% used [0x00000000d1c00000,0x00000000d1cff770,0x00000000d3a80000)
 PSPermGen       total 21504K, used 8226K [0x00000000c7600000, 0x00000000c8b00000, 0x00000000d1c00000)
  object space 21504K, 38% used [0x00000000c7600000,0x00000000c7e08a18,0x00000000c8b00000)
Event: 3.144 GC heap after
Heap after GC invocations=2 (full 0):
 PSYoungGen      total 27136K, used 1523K [0x00000000f0900000, 0x00000000f2500000, 0x0000000100000000)
  eden space 25600K, 0% used [0x00000000f0900000,0x00000000f0900000,0x00000000f2200000)
  from space 1536K, 99% used [0x00000000f2380000,0x00000000f24fcf90,0x00000000f2500000)
  to   space 1536K, 0% used [0x00000000f2200000,0x00000000f2200000,0x00000000f2380000)
 ParOldGen       total 31232K, used 1700K [0x00000000d1c00000, 0x00000000d3a80000, 0x00000000f0900000)
  object space 31232K, 5% used [0x00000000d1c00000,0x00000000d1da90a8,0x00000000d3a80000)
 PSPermGen       total 21504K, used 8226K [0x00000000c7600000, 0x00000000c8b00000, 0x00000000d1c00000)
  object space 21504K, 38% used [0x00000000c7600000,0x00000000c7e08a18,0x00000000c8b00000)
}

