# JRE version: OpenJDK Runtime Environment (7.0_51) (build 1.7.0_51-b00)
# Java VM: OpenJDK 64-Bit Server VM (24.45-b08 mixed mode linux-amd64 compressed oops)
Heap
 PSYoungGen      total 107520K, used 6386K [0x00000000f0900000, 0x00000000f7900000, 0x0000000100000000)
  eden space 101888K, 1% used [0x00000000f0900000,0x00000000f0a8a0b8,0x00000000f6c80000)
  from space 5632K, 85% used [0x00000000f7280000,0x00000000f7732a40,0x00000000f7800000)
  to   space 6144K, 0% used [0x00000000f6c80000,0x00000000f6c80000,0x00000000f7280000)
 ParOldGen       total 31232K, used 11204K [0x00000000d1c00000, 0x00000000d3a80000, 0x00000000f0900000)
  object space 31232K, 35% used [0x00000000d1c00000,0x00000000d26f1380,0x00000000d3a80000)
 PSPermGen       total 21504K, used 13162K [0x00000000c7600000, 0x00000000c8b00000, 0x00000000d1c00000)
  object space 21504K, 61% used [0x00000000c7600000,0x00000000c82daa68,0x00000000c8b00000)
GC Heap History (10 events):
Event: 2.818 GC heap before
{Heap before GC invocations=2 (full 0):
 PSYoungGen      total 14336K, used 14324K [0x00000000f0900000, 0x00000000f2500000, 0x0000000100000000)
  eden space 12800K, 100% used [0x00000000f0900000,0x00000000f1580000,0x00000000f1580000)
  from space 1536K, 99% used [0x00000000f1580000,0x00000000f16fd210,0x00000000f1700000)
  to   space 1536K, 0% used [0x00000000f2380000,0x00000000f2380000,0x00000000f2500000)
 ParOldGen       total 31232K, used 1579K [0x00000000d1c00000, 0x00000000d3a80000, 0x00000000f0900000)
  object space 31232K, 5% used [0x00000000d1c00000,0x00000000d1d8ad80,0x00000000d3a80000)
 PSPermGen       total 21504K, used 8363K [0x00000000c7600000, 0x00000000c8b00000, 0x00000000d1c00000)
  object space 21504K, 38% used [0x00000000c7600000,0x00000000c7e2ac90,0x00000000c8b00000)
Event: 2.841 GC heap after
Heap after GC invocations=2 (full 0):
 PSYoungGen      total 27136K, used 1509K [0x00000000f0900000, 0x00000000f2500000, 0x0000000100000000)
  eden space 25600K, 0% used [0x00000000f0900000,0x00000000f0900000,0x00000000f2200000)
  from space 1536K, 98% used [0x00000000f2380000,0x00000000f24f9640,0x00000000f2500000)
  to   space 1536K, 0% used [0x00000000f2200000,0x00000000f2200000,0x00000000f2380000)
 ParOldGen       total 31232K, used 2905K [0x00000000d1c00000, 0x00000000d3a80000, 0x00000000f0900000)
  object space 31232K, 9% used [0x00000000d1c00000,0x00000000d1ed6618,0x00000000d3a80000)
 PSPermGen       total 21504K, used 8363K [0x00000000c7600000, 0x00000000c8b00000, 0x00000000d1c00000)
  object space 21504K, 38% used [0x00000000c7600000,0x00000000c7e2ac90,0x00000000c8b00000)
}
Event: 4.454 GC heap before
{Heap before GC invocations=3 (full 0):
 PSYoungGen      total 27136K, used 27109K [0x00000000f0900000, 0x00000000f2500000, 0x0000000100000000)
  eden space 25600K, 100% used [0x00000000f0900000,0x00000000f2200000,0x00000000f2200000)
  from space 1536K, 98% used [0x00000000f2380000,0x00000000f24f9640,0x00000000f2500000)
  to   space 1536K, 0% used [0x00000000f2200000,0x00000000f2200000,0x00000000f2380000)
 ParOldGen       total 31232K, used 2905K [0x00000000d1c00000, 0x00000000d3a80000, 0x00000000f0900000)
  object space 31232K, 9% used [0x00000000d1c00000,0x00000000d1ed6618,0x00000000d3a80000)
 PSPermGen       total 21504K, used 11777K [0x00000000c7600000, 0x00000000c8b00000, 0x00000000d1c00000)
  object space 21504K, 54% used [0x00000000c7600000,0x00000000c81805a0,0x00000000c8b00000)
Event: 4.476 GC heap after
Heap after GC invocations=3 (full 0):
 PSYoungGen      total 27136K, used 1526K [0x00000000f0900000, 0x00000000f3e00000, 0x0000000100000000)
  eden space 25600K, 0% used [0x00000000f0900000,0x00000000f0900000,0x00000000f2200000)
  from space 1536K, 99% used [0x00000000f2200000,0x00000000f237dbd0,0x00000000f2380000)
  to   space 1536K, 0% used [0x00000000f3c80000,0x00000000f3c80000,0x00000000f3e00000)
 ParOldGen       total 31232K, used 4426K [0x00000000d1c00000, 0x00000000d3a80000, 0x00000000f0900000)
  object space 31232K, 14% used [0x00000000d1c00000,0x00000000d2052bc8,0x00000000d3a80000)
 PSPermGen       total 21504K, used 11777K [0x00000000c7600000, 0x00000000c8b00000, 0x00000000d1c00000)
  object space 21504K, 54% used [0x00000000c7600000,0x00000000c81805a0,0x00000000c8b00000)
}
Event: 12.839 GC heap before
{Heap before GC invocations=4 (full 0):
 PSYoungGen      total 27136K, used 27126K [0x00000000f0900000, 0x00000000f3e00000, 0x0000000100000000)
  eden space 25600K, 100% used [0x00000000f0900000,0x00000000f2200000,0x00000000f2200000)
  from space 1536K, 99% used [0x00000000f2200000,0x00000000f237dbd0,0x00000000f2380000)
  to   space 1536K, 0% used [0x00000000f3c80000,0x00000000f3c80000,0x00000000f3e00000)
 ParOldGen       total 31232K, used 4426K [0x00000000d1c00000, 0x00000000d3a80000, 0x00000000f0900000)
  object space 31232K, 14% used [0x00000000d1c00000,0x00000000d2052bc8,0x00000000d3a80000)
 PSPermGen       total 21504K, used 13117K [0x00000000c7600000, 0x00000000c8b00000, 0x00000000d1c00000)
  object space 21504K, 60% used [0x00000000c7600000,0x00000000c82cf460,0x00000000c8b00000)
Event: 12.877 GC heap after
Heap after GC invocations=4 (full 0):
 PSYoungGen      total 52736K, used 1526K [0x00000000f0900000, 0x00000000f3e00000, 0x0000000100000000)
  eden space 51200K, 0% used [0x00000000f0900000,0x00000000f0900000,0x00000000f3b00000)
  from space 1536K, 99% used [0x00000000f3c80000,0x00000000f3dfdb30,0x00000000f3e00000)
  to   space 1536K, 0% used [0x00000000f3b00000,0x00000000f3b00000,0x00000000f3c80000)
 ParOldGen       total 31232K, used 7920K [0x00000000d1c00000, 0x00000000d3a80000, 0x00000000f0900000)
  object space 31232K, 25% used [0x00000000d1c00000,0x00000000d23bc0a0,0x00000000d3a80000)
 PSPermGen       total 21504K, used 13117K [0x00000000c7600000, 0x00000000c8b00000, 0x00000000d1c00000)
  object space 21504K, 60% used [0x00000000c7600000,0x00000000c82cf460,0x00000000c8b00000)
}
Event: 15.480 GC heap before
{Heap before GC invocations=5 (full 0):
 PSYoungGen      total 52736K, used 52726K [0x00000000f0900000, 0x00000000f3e00000, 0x0000000100000000)
  eden space 51200K, 100% used [0x00000000f0900000,0x00000000f3b00000,0x00000000f3b00000)
  from space 1536K, 99% used [0x00000000f3c80000,0x00000000f3dfdb30,0x00000000f3e00000)
  to   space 1536K, 0% used [0x00000000f3b00000,0x00000000f3b00000,0x00000000f3c80000)
 ParOldGen       total 31232K, used 7920K [0x00000000d1c00000, 0x00000000d3a80000, 0x00000000f0900000)
  object space 31232K, 25% used [0x00000000d1c00000,0x00000000d23bc0a0,0x00000000d3a80000)
 PSPermGen       total 21504K, used 13146K [0x00000000c7600000, 0x00000000c8b00000, 0x00000000d1c00000)
  object space 21504K, 61% used [0x00000000c7600000,0x00000000c82d6818,0x00000000c8b00000)
Event: 15.501 GC heap after
Heap after GC invocations=5 (full 0):
 PSYoungGen      total 52736K, used 1525K [0x00000000f0900000, 0x00000000f7800000, 0x0000000100000000)
  eden space 51200K, 0% used [0x00000000f0900000,0x00000000f0900000,0x00000000f3b00000)
  from space 1536K, 99% used [0x00000000f3b00000,0x00000000f3c7d590,0x00000000f3c80000)
  to   space 5632K, 0% used [0x00000000f7280000,0x00000000f7280000,0x00000000f7800000)
 ParOldGen       total 31232K, used 11204K [0x00000000d1c00000, 0x00000000d3a80000, 0x00000000f0900000)
  object space 31232K, 35% used [0x00000000d1c00000,0x00000000d26f1380,0x00000000d3a80000)
 PSPermGen       total 21504K, used 13146K [0x00000000c7600000, 0x00000000c8b00000, 0x00000000d1c00000)
  object space 21504K, 61% used [0x00000000c7600000,0x00000000c82d6818,0x00000000c8b00000)
}
Event: 17.215 GC heap before
{Heap before GC invocations=6 (full 0):
 PSYoungGen      total 52736K, used 52725K [0x00000000f0900000, 0x00000000f7800000, 0x0000000100000000)
  eden space 51200K, 100% used [0x00000000f0900000,0x00000000f3b00000,0x00000000f3b00000)
  from space 1536K, 99% used [0x00000000f3b00000,0x00000000f3c7d590,0x00000000f3c80000)
  to   space 5632K, 0% used [0x00000000f7280000,0x00000000f7280000,0x00000000f7800000)
 ParOldGen       total 31232K, used 11204K [0x00000000d1c00000, 0x00000000d3a80000, 0x00000000f0900000)
  object space 31232K, 35% used [0x00000000d1c00000,0x00000000d26f1380,0x00000000d3a80000)
 PSPermGen       total 21504K, used 13162K [0x00000000c7600000, 0x00000000c8b00000, 0x00000000d1c00000)
  object space 21504K, 61% used [0x00000000c7600000,0x00000000c82daa48,0x00000000c8b00000)
Event: 17.238 GC heap after
Heap after GC invocations=6 (full 0):
 PSYoungGen      total 107520K, used 4810K [0x00000000f0900000, 0x00000000f7900000, 0x0000000100000000)
  eden space 101888K, 0% used [0x00000000f0900000,0x00000000f0900000,0x00000000f6c80000)
  from space 5632K, 85% used [0x00000000f7280000,0x00000000f7732a40,0x00000000f7800000)
  to   space 6144K, 0% used [0x00000000f6c80000,0x00000000f6c80000,0x00000000f7280000)
 ParOldGen       total 31232K, used 11204K [0x00000000d1c00000, 0x00000000d3a80000, 0x00000000f0900000)
  object space 31232K, 35% used [0x00000000d1c00000,0x00000000d26f1380,0x00000000d3a80000)
 PSPermGen       total 21504K, used 13162K [0x00000000c7600000, 0x00000000c8b00000, 0x00000000d1c00000)
  object space 21504K, 61% used [0x00000000c7600000,0x00000000c82daa48,0x00000000c8b00000)
}

