# JRE version: OpenJDK Runtime Environment (7.0_51) (build 1.7.0_51-b00)
# Java VM: OpenJDK 64-Bit Server VM (24.45-b08 mixed mode linux-amd64 compressed oops)
Heap
 PSYoungGen      total 162304K, used 9348K [0x00000000f0900000, 0x00000000fe080000, 0x0000000100000000)
  eden space 153088K, 0% used [0x00000000f0900000,0x00000000f0927730,0x00000000f9e80000)
  from space 9216K, 99% used [0x00000000fca80000,0x00000000fd379ca0,0x00000000fd380000)
  to   space 13312K, 0% used [0x00000000fd380000,0x00000000fd380000,0x00000000fe080000)
 ParOldGen       total 39424K, used 22583K [0x00000000d1c00000, 0x00000000d4280000, 0x00000000f0900000)
  object space 39424K, 57% used [0x00000000d1c00000,0x00000000d320de68,0x00000000d4280000)
 PSPermGen       total 27136K, used 13410K [0x00000000c7600000, 0x00000000c9080000, 0x00000000d1c00000)
  object space 27136K, 49% used [0x00000000c7600000,0x00000000c8318908,0x00000000c9080000)
GC Heap History (10 events):
Event: 91.971 GC heap before
{Heap before GC invocations=12 (full 0):
 PSYoungGen      total 195072K, used 194644K [0x00000000f0900000, 0x00000000ff400000, 0x0000000100000000)
  eden space 183808K, 100% used [0x00000000f0900000,0x00000000fbc80000,0x00000000fbc80000)
  from space 11264K, 96% used [0x00000000fe400000,0x00000000fee95160,0x00000000fef00000)
  to   space 5120K, 0% used [0x00000000fef00000,0x00000000fef00000,0x00000000ff400000)
 ParOldGen       total 31232K, used 18766K [0x00000000d1c00000, 0x00000000d3a80000, 0x00000000f0900000)
  object space 31232K, 60% used [0x00000000d1c00000,0x00000000d2e53b38,0x00000000d3a80000)
 PSPermGen       total 21504K, used 13377K [0x00000000c7600000, 0x00000000c8b00000, 0x00000000d1c00000)
  object space 21504K, 62% used [0x00000000c7600000,0x00000000c8310660,0x00000000c8b00000)
Event: 92.019 GC heap after
Heap after GC invocations=12 (full 0):
 PSYoungGen      total 180736K, used 5094K [0x00000000f0900000, 0x00000000ff400000, 0x0000000100000000)
  eden space 175616K, 0% used [0x00000000f0900000,0x00000000f0900000,0x00000000fb480000)
  from space 5120K, 99% used [0x00000000fef00000,0x00000000ff3f98e0,0x00000000ff400000)
  to   space 15872K, 0% used [0x00000000fd500000,0x00000000fd500000,0x00000000fe480000)
 ParOldGen       total 31232K, used 25047K [0x00000000d1c00000, 0x00000000d3a80000, 0x00000000f0900000)
  object space 31232K, 80% used [0x00000000d1c00000,0x00000000d3475f58,0x00000000d3a80000)
 PSPermGen       total 21504K, used 13377K [0x00000000c7600000, 0x00000000c8b00000, 0x00000000d1c00000)
  object space 21504K, 62% used [0x00000000c7600000,0x00000000c8310660,0x00000000c8b00000)
}
Event: 103.747 GC heap before
{Heap before GC invocations=13 (full 0):
 PSYoungGen      total 180736K, used 180710K [0x00000000f0900000, 0x00000000ff400000, 0x0000000100000000)
  eden space 175616K, 100% used [0x00000000f0900000,0x00000000fb480000,0x00000000fb480000)
  from space 5120K, 99% used [0x00000000fef00000,0x00000000ff3f98e0,0x00000000ff400000)
  to   space 15872K, 0% used [0x00000000fd500000,0x00000000fd500000,0x00000000fe480000)
 ParOldGen       total 31232K, used 25047K [0x00000000d1c00000, 0x00000000d3a80000, 0x00000000f0900000)
  object space 31232K, 80% used [0x00000000d1c00000,0x00000000d3475f58,0x00000000d3a80000)
 PSPermGen       total 21504K, used 13406K [0x00000000c7600000, 0x00000000c8b00000, 0x00000000d1c00000)
  object space 21504K, 62% used [0x00000000c7600000,0x00000000c8317b98,0x00000000c8b00000)
Event: 103.796 GC heap after
Heap after GC invocations=13 (full 0):
 PSYoungGen      total 178688K, used 10414K [0x00000000f0900000, 0x00000000fef80000, 0x0000000100000000)
  eden space 167936K, 0% used [0x00000000f0900000,0x00000000f0900000,0x00000000fad00000)
  from space 10752K, 96% used [0x00000000fd500000,0x00000000fdf2bb40,0x00000000fdf80000)
  to   space 15872K, 0% used [0x00000000fe000000,0x00000000fe000000,0x00000000fef80000)
 ParOldGen       total 31232K, used 26643K [0x00000000d1c00000, 0x00000000d3a80000, 0x00000000f0900000)
  object space 31232K, 85% used [0x00000000d1c00000,0x00000000d3604ff8,0x00000000d3a80000)
 PSPermGen       total 21504K, used 13406K [0x00000000c7600000, 0x00000000c8b00000, 0x00000000d1c00000)
  object space 21504K, 62% used [0x00000000c7600000,0x00000000c8317b98,0x00000000c8b00000)
}
Event: 103.796 GC heap before
{Heap before GC invocations=14 (full 1):
 PSYoungGen      total 178688K, used 10414K [0x00000000f0900000, 0x00000000fef80000, 0x0000000100000000)
  eden space 167936K, 0% used [0x00000000f0900000,0x00000000f0900000,0x00000000fad00000)
  from space 10752K, 96% used [0x00000000fd500000,0x00000000fdf2bb40,0x00000000fdf80000)
  to   space 15872K, 0% used [0x00000000fe000000,0x00000000fe000000,0x00000000fef80000)
 ParOldGen       total 31232K, used 26643K [0x00000000d1c00000, 0x00000000d3a80000, 0x00000000f0900000)
  object space 31232K, 85% used [0x00000000d1c00000,0x00000000d3604ff8,0x00000000d3a80000)
 PSPermGen       total 21504K, used 13406K [0x00000000c7600000, 0x00000000c8b00000, 0x00000000d1c00000)
  object space 21504K, 62% used [0x00000000c7600000,0x00000000c8317b98,0x00000000c8b00000)
Event: 103.930 GC heap after
Heap after GC invocations=14 (full 1):
 PSYoungGen      total 178688K, used 0K [0x00000000f0900000, 0x00000000fef80000, 0x0000000100000000)
  eden space 167936K, 0% used [0x00000000f0900000,0x00000000f0900000,0x00000000fad00000)
  from space 10752K, 0% used [0x00000000fd500000,0x00000000fd500000,0x00000000fdf80000)
  to   space 15872K, 0% used [0x00000000fe000000,0x00000000fe000000,0x00000000fef80000)
 ParOldGen       total 39424K, used 21011K [0x00000000d1c00000, 0x00000000d4280000, 0x00000000f0900000)
  object space 39424K, 53% used [0x00000000d1c00000,0x00000000d3084e50,0x00000000d4280000)
 PSPermGen       total 27136K, used 13381K [0x00000000c7600000, 0x00000000c9080000, 0x00000000d1c00000)
  object space 27136K, 49% used [0x00000000c7600000,0x00000000c8311728,0x00000000c9080000)
}
Event: 116.391 GC heap before
{Heap before GC invocations=15 (full 1):
 PSYoungGen      total 178688K, used 167936K [0x00000000f0900000, 0x00000000fef80000, 0x0000000100000000)
  eden space 167936K, 100% used [0x00000000f0900000,0x00000000fad00000,0x00000000fad00000)
  from space 10752K, 0% used [0x00000000fd500000,0x00000000fd500000,0x00000000fdf80000)
  to   space 15872K, 0% used [0x00000000fe000000,0x00000000fe000000,0x00000000fef80000)
 ParOldGen       total 39424K, used 21011K [0x00000000d1c00000, 0x00000000d4280000, 0x00000000f0900000)
  object space 39424K, 53% used [0x00000000d1c00000,0x00000000d3084e50,0x00000000d4280000)
 PSPermGen       total 27136K, used 13393K [0x00000000c7600000, 0x00000000c9080000, 0x00000000d1c00000)
  object space 27136K, 49% used [0x00000000c7600000,0x00000000c8314620,0x00000000c9080000)
Event: 116.439 GC heap after
Heap after GC invocations=15 (full 1):
 PSYoungGen      total 171008K, used 10584K [0x00000000f0900000, 0x00000000fea80000, 0x0000000100000000)
  eden space 160256K, 0% used [0x00000000f0900000,0x00000000f0900000,0x00000000fa580000)
  from space 10752K, 98% used [0x00000000fe000000,0x00000000fea56140,0x00000000fea80000)
  to   space 16384K, 0% used [0x00000000fca80000,0x00000000fca80000,0x00000000fda80000)
 ParOldGen       total 39424K, used 21011K [0x00000000d1c00000, 0x00000000d4280000, 0x00000000f0900000)
  object space 39424K, 53% used [0x00000000d1c00000,0x00000000d3084e50,0x00000000d4280000)
 PSPermGen       total 27136K, used 13393K [0x00000000c7600000, 0x00000000c9080000, 0x00000000d1c00000)
  object space 27136K, 49% used [0x00000000c7600000,0x00000000c8314620,0x00000000c9080000)
}
Event: 130.920 GC heap before
{Heap before GC invocations=16 (full 1):
 PSYoungGen      total 171008K, used 170840K [0x00000000f0900000, 0x00000000fea80000, 0x0000000100000000)
  eden space 160256K, 100% used [0x00000000f0900000,0x00000000fa580000,0x00000000fa580000)
  from space 10752K, 98% used [0x00000000fe000000,0x00000000fea56140,0x00000000fea80000)
  to   space 16384K, 0% used [0x00000000fca80000,0x00000000fca80000,0x00000000fda80000)
 ParOldGen       total 39424K, used 21011K [0x00000000d1c00000, 0x00000000d4280000, 0x00000000f0900000)
  object space 39424K, 53% used [0x00000000d1c00000,0x00000000d3084e50,0x00000000d4280000)
 PSPermGen       total 27136K, used 13410K [0x00000000c7600000, 0x00000000c9080000, 0x00000000d1c00000)
  object space 27136K, 49% used [0x00000000c7600000,0x00000000c8318908,0x00000000c9080000)
Event: 130.945 GC heap after
Heap after GC invocations=16 (full 1):
 PSYoungGen      total 162304K, used 9191K [0x00000000f0900000, 0x00000000fe080000, 0x0000000100000000)
  eden space 153088K, 0% used [0x00000000f0900000,0x00000000f0900000,0x00000000f9e80000)
  from space 9216K, 99% used [0x00000000fca80000,0x00000000fd379ca0,0x00000000fd380000)
  to   space 13312K, 0% used [0x00000000fd380000,0x00000000fd380000,0x00000000fe080000)
 ParOldGen       total 39424K, used 22583K [0x00000000d1c00000, 0x00000000d4280000, 0x00000000f0900000)
  object space 39424K, 57% used [0x00000000d1c00000,0x00000000d320de68,0x00000000d4280000)
 PSPermGen       total 27136K, used 13410K [0x00000000c7600000, 0x00000000c9080000, 0x00000000d1c00000)
  object space 27136K, 49% used [0x00000000c7600000,0x00000000c8318908,0x00000000c9080000)
}

