# JRE version: OpenJDK Runtime Environment (7.0_51) (build 1.7.0_51-b00)
# Java VM: OpenJDK 64-Bit Server VM (24.45-b08 mixed mode linux-amd64 compressed oops)
Heap
 PSYoungGen      total 236032K, used 2086K [0x00000000f0900000, 0x0000000100000000, 0x0000000100000000)
  eden space 230400K, 0% used [0x00000000f0900000,0x00000000f0917ed0,0x00000000fea00000)
  from space 5632K, 35% used [0x00000000fea00000,0x00000000febf1d10,0x00000000fef80000)
  to   space 5632K, 0% used [0x00000000ffa80000,0x00000000ffa80000,0x0000000100000000)
 ParOldGen       total 31232K, used 12484K [0x00000000d1c00000, 0x00000000d3a80000, 0x00000000f0900000)
  object space 31232K, 39% used [0x00000000d1c00000,0x00000000d2831200,0x00000000d3a80000)
 PSPermGen       total 21504K, used 15467K [0x00000000c7600000, 0x00000000c8b00000, 0x00000000d1c00000)
  object space 21504K, 71% used [0x00000000c7600000,0x00000000c851ae70,0x00000000c8b00000)
GC Heap History (10 events):
Event: 35.507 GC heap before
{Heap before GC invocations=11 (full 0):
 PSYoungGen      total 196608K, used 196128K [0x00000000f0900000, 0x00000000ffb00000, 0x0000000100000000)
  eden space 195584K, 100% used [0x00000000f0900000,0x00000000fc800000,0x00000000fc800000)
  from space 1024K, 53% used [0x00000000ffa00000,0x00000000ffa88000,0x00000000ffb00000)
  to   space 6144K, 0% used [0x00000000fef00000,0x00000000fef00000,0x00000000ff500000)
 ParOldGen       total 31232K, used 12125K [0x00000000d1c00000, 0x00000000d3a80000, 0x00000000f0900000)
  object space 31232K, 38% used [0x00000000d1c00000,0x00000000d27d7470,0x00000000d3a80000)
 PSPermGen       total 21504K, used 15212K [0x00000000c7600000, 0x00000000c8b00000, 0x00000000d1c00000)
  object space 21504K, 70% used [0x00000000c7600000,0x00000000c84db0b8,0x00000000c8b00000)
Event: 35.512 GC heap after
Heap after GC invocations=11 (full 0):
 PSYoungGen      total 187392K, used 256K [0x00000000f0900000, 0x00000000ffa80000, 0x0000000100000000)
  eden space 186880K, 0% used [0x00000000f0900000,0x00000000f0900000,0x00000000fbf80000)
  from space 512K, 50% used [0x00000000fef00000,0x00000000fef40000,0x00000000fef80000)
  to   space 6144K, 0% used [0x00000000ff480000,0x00000000ff480000,0x00000000ffa80000)
 ParOldGen       total 31232K, used 12197K [0x00000000d1c00000, 0x00000000d3a80000, 0x00000000f0900000)
  object space 31232K, 39% used [0x00000000d1c00000,0x00000000d27e9470,0x00000000d3a80000)
 PSPermGen       total 21504K, used 15212K [0x00000000c7600000, 0x00000000c8b00000, 0x00000000d1c00000)
  object space 21504K, 70% used [0x00000000c7600000,0x00000000c84db0b8,0x00000000c8b00000)
}
Event: 41.334 GC heap before
{Heap before GC invocations=12 (full 0):
 PSYoungGen      total 187392K, used 187136K [0x00000000f0900000, 0x00000000ffa80000, 0x0000000100000000)
  eden space 186880K, 100% used [0x00000000f0900000,0x00000000fbf80000,0x00000000fbf80000)
  from space 512K, 50% used [0x00000000fef00000,0x00000000fef40000,0x00000000fef80000)
  to   space 6144K, 0% used [0x00000000ff480000,0x00000000ff480000,0x00000000ffa80000)
 ParOldGen       total 31232K, used 12213K [0x00000000d1c00000, 0x00000000d3a80000, 0x00000000f0900000)
  object space 31232K, 39% used [0x00000000d1c00000,0x00000000d27ed4a8,0x00000000d3a80000)
 PSPermGen       total 21504K, used 15237K [0x00000000c7600000, 0x00000000c8b00000, 0x00000000d1c00000)
  object space 21504K, 70% used [0x00000000c7600000,0x00000000c84e15a0,0x00000000c8b00000)
Event: 41.339 GC heap after
Heap after GC invocations=12 (full 0):
 PSYoungGen      total 178688K, used 384K [0x00000000f0900000, 0x00000000ff500000, 0x0000000100000000)
  eden space 178176K, 0% used [0x00000000f0900000,0x00000000f0900000,0x00000000fb700000)
  from space 512K, 75% used [0x00000000ff480000,0x00000000ff4e0000,0x00000000ff500000)
  to   space 6144K, 0% used [0x00000000fe900000,0x00000000fe900000,0x00000000fef00000)
 ParOldGen       total 31232K, used 12229K [0x00000000d1c00000, 0x00000000d3a80000, 0x00000000f0900000)
  object space 31232K, 39% used [0x00000000d1c00000,0x00000000d27f14a8,0x00000000d3a80000)
 PSPermGen       total 21504K, used 15237K [0x00000000c7600000, 0x00000000c8b00000, 0x00000000d1c00000)
  object space 21504K, 70% used [0x00000000c7600000,0x00000000c84e15a0,0x00000000c8b00000)
}
Event: 46.554 GC heap before
{Heap before GC invocations=13 (full 0):
 PSYoungGen      total 178688K, used 178560K [0x00000000f0900000, 0x00000000ff500000, 0x0000000100000000)
  eden space 178176K, 100% used [0x00000000f0900000,0x00000000fb700000,0x00000000fb700000)
  from space 512K, 75% used [0x00000000ff480000,0x00000000ff4e0000,0x00000000ff500000)
  to   space 6144K, 0% used [0x00000000fe900000,0x00000000fe900000,0x00000000fef00000)
 ParOldGen       total 31232K, used 12233K [0x00000000d1c00000, 0x00000000d3a80000, 0x00000000f0900000)
  object space 31232K, 39% used [0x00000000d1c00000,0x00000000d27f2770,0x00000000d3a80000)
 PSPermGen       total 21504K, used 15249K [0x00000000c7600000, 0x00000000c8b00000, 0x00000000d1c00000)
  object space 21504K, 70% used [0x00000000c7600000,0x00000000c84e4580,0x00000000c8b00000)
Event: 46.557 GC heap after
Heap after GC invocations=13 (full 0):
 PSYoungGen      total 176128K, used 272K [0x00000000f0900000, 0x00000000ff500000, 0x0000000100000000)
  eden space 169984K, 0% used [0x00000000f0900000,0x00000000f0900000,0x00000000faf00000)
  from space 6144K, 4% used [0x00000000fe900000,0x00000000fe944010,0x00000000fef00000)
  to   space 5632K, 0% used [0x00000000fef80000,0x00000000fef80000,0x00000000ff500000)
 ParOldGen       total 31232K, used 12257K [0x00000000d1c00000, 0x00000000d3a80000, 0x00000000f0900000)
  object space 31232K, 39% used [0x00000000d1c00000,0x00000000d27f8770,0x00000000d3a80000)
 PSPermGen       total 21504K, used 15249K [0x00000000c7600000, 0x00000000c8b00000, 0x00000000d1c00000)
  object space 21504K, 70% used [0x00000000c7600000,0x00000000c84e4580,0x00000000c8b00000)
}
Event: 46.559 GC heap before
{Heap before GC invocations=14 (full 0):
 PSYoungGen      total 176128K, used 717K [0x00000000f0900000, 0x00000000ff500000, 0x0000000100000000)
  eden space 169984K, 0% used [0x00000000f0900000,0x00000000f096f628,0x00000000faf00000)
  from space 6144K, 4% used [0x00000000fe900000,0x00000000fe944010,0x00000000fef00000)
  to   space 5632K, 0% used [0x00000000fef80000,0x00000000fef80000,0x00000000ff500000)
 ParOldGen       total 31232K, used 12257K [0x00000000d1c00000, 0x00000000d3a80000, 0x00000000f0900000)
  object space 31232K, 39% used [0x00000000d1c00000,0x00000000d27f8770,0x00000000d3a80000)
 PSPermGen       total 21504K, used 15249K [0x00000000c7600000, 0x00000000c8b00000, 0x00000000d1c00000)
  object space 21504K, 70% used [0x00000000c7600000,0x00000000c84e4580,0x00000000c8b00000)
Event: 46.565 GC heap after
Heap after GC invocations=14 (full 0):
 PSYoungGen      total 236032K, used 64K [0x00000000f0900000, 0x00000000fff80000, 0x0000000100000000)
  eden space 230400K, 0% used [0x00000000f0900000,0x00000000f0900000,0x00000000fea00000)
  from space 5632K, 1% used [0x00000000fef80000,0x00000000fef90000,0x00000000ff500000)
  to   space 5632K, 0% used [0x00000000fea00000,0x00000000fea00000,0x00000000fef80000)
 ParOldGen       total 31232K, used 12460K [0x00000000d1c00000, 0x00000000d3a80000, 0x00000000f0900000)
  object space 31232K, 39% used [0x00000000d1c00000,0x00000000d282b200,0x00000000d3a80000)
 PSPermGen       total 21504K, used 15249K [0x00000000c7600000, 0x00000000c8b00000, 0x00000000d1c00000)
  object space 21504K, 70% used [0x00000000c7600000,0x00000000c84e4580,0x00000000c8b00000)
}
Event: 54.153 GC heap before
{Heap before GC invocations=15 (full 0):
 PSYoungGen      total 236032K, used 230464K [0x00000000f0900000, 0x00000000fff80000, 0x0000000100000000)
  eden space 230400K, 100% used [0x00000000f0900000,0x00000000fea00000,0x00000000fea00000)
  from space 5632K, 1% used [0x00000000fef80000,0x00000000fef90000,0x00000000ff500000)
  to   space 5632K, 0% used [0x00000000fea00000,0x00000000fea00000,0x00000000fef80000)
 ParOldGen       total 31232K, used 12460K [0x00000000d1c00000, 0x00000000d3a80000, 0x00000000f0900000)
  object space 31232K, 39% used [0x00000000d1c00000,0x00000000d282b200,0x00000000d3a80000)
 PSPermGen       total 21504K, used 15467K [0x00000000c7600000, 0x00000000c8b00000, 0x00000000d1c00000)
  object space 21504K, 71% used [0x00000000c7600000,0x00000000c851ae70,0x00000000c8b00000)
Event: 54.162 GC heap after
Heap after GC invocations=15 (full 0):
 PSYoungGen      total 236032K, used 1991K [0x00000000f0900000, 0x0000000100000000, 0x0000000100000000)
  eden space 230400K, 0% used [0x00000000f0900000,0x00000000f0900000,0x00000000fea00000)
  from space 5632K, 35% used [0x00000000fea00000,0x00000000febf1d10,0x00000000fef80000)
  to   space 5632K, 0% used [0x00000000ffa80000,0x00000000ffa80000,0x0000000100000000)
 ParOldGen       total 31232K, used 12484K [0x00000000d1c00000, 0x00000000d3a80000, 0x00000000f0900000)
  object space 31232K, 39% used [0x00000000d1c00000,0x00000000d2831200,0x00000000d3a80000)
 PSPermGen       total 21504K, used 15467K [0x00000000c7600000, 0x00000000c8b00000, 0x00000000d1c00000)
  object space 21504K, 71% used [0x00000000c7600000,0x00000000c851ae70,0x00000000c8b00000)
}

